TN:
SF:src\constants\colorSchemes.ts
FN:197,getColorPalette
FN:211,getInterpolatedColorPalette
FN:235,getColorScale
FN:252,getContinuousColor
FN:265,getColorForValue
FN:278,getContinuousColorForValue
FN:285,(anonymous_6)
FNF:7
FNH:3
FNDA:18,getColorPalette
FNDA:0,getInterpolatedColorPalette
FNDA:11,getColorScale
FNDA:11,getContinuousColor
FNDA:0,getColorForValue
FNDA:0,getContinuousColorForValue
FNDA:0,(anonymous_6)
DA:13,2
DA:174,2
DA:198,18
DA:200,18
DA:201,18
DA:204,18
DA:216,0
DA:219,0
DA:220,0
DA:224,0
DA:230,2
DA:236,11
DA:237,11
DA:239,11
DA:240,4
DA:241,4
DA:242,4
DA:245,11
DA:257,11
DA:258,11
DA:259,11
DA:266,0
DA:267,0
DA:268,0
DA:271,0
DA:285,0
DA:286,0
DA:287,0
DA:289,0
DA:290,0
DA:293,0
DA:294,0
LF:32
LH:17
BRDA:200,0,0,0
BRDA:200,0,1,18
BRDA:201,1,0,0
BRDA:201,1,1,18
BRDA:214,2,0,0
BRDA:219,3,0,0
BRDA:219,3,1,0
BRDA:235,4,0,11
BRDA:236,5,0,0
BRDA:236,5,1,11
BRDA:239,6,0,4
BRDA:239,6,1,7
BRDA:255,7,0,11
BRDA:267,8,0,0
BRDA:267,8,1,0
BRDA:267,9,0,0
BRDA:267,9,1,0
BRDA:282,10,0,0
BRDA:283,11,0,0
BRDA:289,12,0,0
BRDA:289,12,1,0
BRF:21
BRH:7
end_of_record
TN:
SF:src\features\data-import\constants\formats.ts
FNF:0
FNH:0
DA:5,1
DA:12,1
DA:18,1
DA:20,1
LF:4
LH:4
BRF:0
BRH:0
end_of_record
TN:
SF:src\features\data-import\hooks\useFileImport.ts
FN:13,useFileImport
FN:20,(anonymous_1)
FN:56,(anonymous_2)
FN:71,(anonymous_3)
FNF:4
FNH:4
FNDA:15,useFileImport
FNDA:6,(anonymous_1)
FNDA:2,(anonymous_2)
FNDA:1,(anonymous_3)
DA:14,15
DA:15,15
DA:16,15
DA:17,15
DA:18,15
DA:20,15
DA:21,6
DA:22,6
DA:24,5
DA:25,5
DA:27,6
DA:28,6
DA:30,4
DA:32,2
DA:38,2
DA:39,2
DA:40,1
DA:41,1
DA:42,1
DA:45,1
DA:46,1
DA:48,5
DA:50,5
DA:51,0
DA:56,15
DA:57,2
DA:59,1
DA:61,1
DA:62,1
DA:63,1
DA:66,1
DA:67,1
DA:68,1
DA:71,15
DA:72,1
DA:73,1
DA:74,1
DA:77,15
LF:38
LH:37
BRDA:22,0,0,1
BRDA:22,0,1,5
BRDA:25,1,0,5
BRDA:25,1,1,0
BRDA:30,2,0,2
BRDA:30,2,1,2
BRDA:39,3,0,1
BRDA:39,3,1,1
BRDA:39,4,0,2
BRDA:39,4,1,2
BRDA:42,5,0,0
BRDA:42,5,1,1
BRDA:46,6,0,1
BRDA:46,6,1,0
BRDA:50,7,0,0
BRDA:50,7,1,5
BRDA:50,8,0,5
BRDA:50,8,1,0
BRDA:50,8,2,0
BRDA:50,8,3,0
BRDA:50,8,4,0
BRDA:57,9,0,1
BRDA:57,9,1,1
BRDA:61,10,0,1
BRDA:61,10,1,0
BRDA:68,11,0,0
BRDA:68,11,1,1
BRDA:74,12,0,0
BRDA:74,12,1,1
BRF:29
BRH:18
end_of_record
TN:
SF:src\features\data-import\hooks\useUrlImport.ts
FN:15,useUrlImport
FN:19,(anonymous_1)
FNF:2
FNH:2
FNDA:25,useUrlImport
FNDA:12,(anonymous_1)
DA:16,25
DA:17,25
DA:19,25
DA:20,12
DA:22,11
DA:23,11
DA:24,11
DA:25,10
DA:27,9
DA:29,9
DA:30,2
DA:31,2
DA:32,7
DA:33,2
DA:34,2
DA:37,5
DA:38,5
DA:41,6
DA:42,5
DA:43,5
DA:45,6
DA:47,5
DA:48,5
DA:50,11
DA:54,25
LF:25
LH:25
BRDA:20,0,0,1
BRDA:20,0,1,11
BRDA:25,1,0,1
BRDA:25,1,1,9
BRDA:29,2,0,2
BRDA:29,2,1,7
BRDA:32,3,0,2
BRDA:32,3,1,5
BRDA:41,4,0,5
BRDA:41,4,1,1
BRF:10
BRH:10
end_of_record
TN:
SF:src\features\data-import\services\excelProcessor.ts
FN:10,parseExcel
FNF:1
FNH:0
FNDA:0,parseExcel
DA:11,0
DA:12,0
DA:13,0
DA:14,0
DA:15,0
DA:17,0
DA:18,0
DA:22,0
DA:23,0
DA:26,0
DA:27,0
DA:36,0
DA:38,0
LF:13
LH:0
BRDA:17,0,0,0
BRDA:17,0,1,0
BRDA:26,1,0,0
BRDA:26,1,1,0
BRDA:26,2,0,0
BRDA:26,2,1,0
BRF:6
BRH:0
end_of_record
TN:
SF:src\features\data-import\services\geoJsonProcessor.ts
FN:19,parseGeoJSON
FN:27,(anonymous_1)
FN:38,(anonymous_2)
FNF:3
FNH:0
FNDA:0,parseGeoJSON
FNDA:0,(anonymous_1)
FNDA:0,(anonymous_2)
DA:20,0
DA:22,0
DA:23,0
DA:24,0
DA:25,0
DA:26,0
DA:27,0
DA:32,0
DA:33,0
DA:36,0
DA:38,0
DA:39,0
DA:40,0
DA:41,0
DA:43,0
DA:44,0
DA:45,0
DA:47,0
DA:58,0
LF:19
LH:0
BRDA:22,0,0,0
BRDA:22,0,1,0
BRDA:22,1,0,0
BRDA:22,1,1,0
BRDA:24,2,0,0
BRDA:24,2,1,0
BRDA:24,3,0,0
BRDA:24,3,1,0
BRDA:26,4,0,0
BRDA:26,4,1,0
BRDA:26,5,0,0
BRDA:26,5,1,0
BRDA:32,6,0,0
BRDA:32,6,1,0
BRDA:39,7,0,0
BRDA:39,7,1,0
BRDA:43,8,0,0
BRDA:43,8,1,0
BRDA:43,9,0,0
BRDA:43,9,1,0
BRDA:43,10,0,0
BRDA:43,10,1,0
BRDA:44,11,0,0
BRDA:44,11,1,0
BRDA:44,12,0,0
BRDA:44,12,1,0
BRDA:45,13,0,0
BRDA:45,13,1,0
BRDA:48,14,0,0
BRDA:48,14,1,0
BRDA:51,15,0,0
BRDA:51,15,1,0
BRF:32
BRH:0
end_of_record
TN:
SF:src\features\data-import\services\kmlProcessor.ts
FN:9,parseKML
FN:16,(anonymous_1)
FNF:2
FNH:0
FNDA:0,parseKML
FNDA:0,(anonymous_1)
DA:10,0
DA:11,0
DA:12,0
DA:14,0
DA:16,0
DA:21,0
LF:6
LH:0
BRDA:16,0,0,0
BRDA:16,0,1,0
BRDA:18,1,0,0
BRDA:18,1,1,0
BRF:4
BRH:0
end_of_record
TN:
SF:src\features\data-import\services\shapefileProcessor.ts
FN:9,parseShapefile
FN:14,(anonymous_1)
FN:17,(anonymous_2)
FN:27,(anonymous_3)
FNF:4
FNH:0
FNDA:0,parseShapefile
FNDA:0,(anonymous_1)
FNDA:0,(anonymous_2)
FNDA:0,(anonymous_3)
DA:10,0
DA:11,0
DA:13,0
DA:14,0
DA:15,0
DA:17,0
DA:22,0
DA:25,0
DA:27,0
DA:32,0
DA:35,0
LF:11
LH:0
BRDA:13,0,0,0
BRDA:13,0,1,0
BRDA:17,1,0,0
BRDA:17,1,1,0
BRDA:19,2,0,0
BRDA:19,2,1,0
BRDA:27,3,0,0
BRDA:27,3,1,0
BRDA:29,4,0,0
BRDA:29,4,1,0
BRF:10
BRH:0
end_of_record
TN:
SF:src\features\data-import\utils\columnDetector.ts
FN:7,detectColumns
FN:10,(anonymous_1)
FN:14,(anonymous_2)
FNF:3
FNH:0
FNDA:0,detectColumns
FNDA:0,(anonymous_1)
FNDA:0,(anonymous_2)
DA:8,0
DA:10,0
DA:11,0
DA:13,0
DA:14,0
DA:15,0
DA:16,0
DA:21,0
LF:8
LH:0
BRDA:14,0,0,0
BRDA:14,0,1,0
BRF:2
BRH:0
end_of_record
TN:
SF:src\features\viz-wizard\constants\dot-density.ts
FNF:0
FNH:0
DA:7,2
DA:10,2
DA:13,2
DA:16,2
DA:19,2
DA:22,2
LF:6
LH:6
BRF:0
BRH:0
end_of_record
TN:
SF:src\features\viz-wizard\hooks\useMatching.ts
FN:34,useMatching
FN:50,(anonymous_1)
FN:72,(anonymous_2)
FN:94,(anonymous_3)
FNF:4
FNH:4
FNDA:22,useMatching
FNDA:7,(anonymous_1)
FNDA:3,(anonymous_2)
FNDA:11,(anonymous_3)
DA:47,22
DA:48,22
DA:50,22
DA:51,7
DA:52,5
DA:53,5
DA:54,5
DA:55,5
DA:56,5
DA:57,5
DA:58,5
DA:61,2
DA:62,1
DA:63,1
DA:64,1
DA:65,1
DA:66,1
DA:69,1
DA:72,22
DA:73,3
DA:74,2
DA:75,2
DA:76,2
DA:77,2
DA:78,2
DA:79,2
DA:80,2
DA:83,1
DA:84,1
DA:85,1
DA:86,1
DA:87,1
DA:88,1
DA:91,0
DA:94,22
DA:95,11
DA:97,11
DA:98,2
DA:101,9
DA:103,9
DA:104,9
DA:106,9
DA:107,9
DA:110,9
DA:111,6
DA:112,3
DA:116,3
DA:118,3
DA:119,1
DA:124,9
DA:125,9
DA:126,9
DA:127,9
DA:128,9
DA:133,9
DA:134,9
DA:135,9
DA:137,1
DA:138,1
DA:139,1
DA:141,9
DA:145,22
LF:62
LH:61
BRDA:51,0,0,5
BRDA:51,0,1,2
BRDA:53,1,0,5
BRDA:53,1,1,0
BRDA:56,2,0,5
BRDA:56,2,1,0
BRDA:61,3,0,1
BRDA:61,3,1,1
BRDA:64,4,0,1
BRDA:64,4,1,0
BRDA:73,5,0,2
BRDA:73,5,1,1
BRDA:75,6,0,2
BRDA:75,6,1,0
BRDA:78,7,0,2
BRDA:78,7,1,0
BRDA:83,8,0,1
BRDA:83,8,1,0
BRDA:86,9,0,1
BRDA:86,9,1,0
BRDA:95,10,0,11
BRDA:95,10,1,10
BRDA:97,11,0,2
BRDA:97,11,1,9
BRDA:97,12,0,11
BRDA:97,12,1,10
BRDA:110,13,0,6
BRDA:110,13,1,3
BRDA:112,14,0,3
BRDA:112,14,1,0
BRDA:113,15,0,3
BRDA:113,15,1,1
BRDA:118,16,0,1
BRDA:118,16,1,2
BRDA:137,17,0,1
BRDA:137,17,1,0
BRF:36
BRH:27
end_of_record
TN:
SF:src\features\viz-wizard\utils\dot-density.ts
FN:19,calculateSmartDotValue
FN:22,(anonymous_1)
FN:51,buildZoomRadius
FNF:3
FNH:3
FNDA:23,calculateSmartDotValue
FNDA:1188,(anonymous_1)
FNDA:14,buildZoomRadius
DA:11,2
DA:12,2
DA:13,2
DA:20,23
DA:22,1188
DA:23,22
DA:26,22
DA:27,22
DA:30,22
DA:31,18
DA:32,18
DA:34,18
DA:35,13
DA:36,13
DA:37,0
DA:38,18
DA:41,18
DA:52,14
LF:18
LH:17
BRDA:20,0,0,1
BRDA:20,0,1,22
BRDA:30,1,0,4
BRDA:30,1,1,18
BRDA:34,2,0,2
BRDA:34,2,1,16
BRDA:34,3,0,3
BRDA:34,3,1,13
BRDA:35,4,0,13
BRDA:35,4,1,0
BRF:10
BRH:9
end_of_record
TN:
SF:src\services\renderers\BubbleRenderer.ts
FN:28,(anonymous_0)
FN:35,(anonymous_1)
FN:44,(anonymous_2)
FN:45,(anonymous_3)
FN:97,(anonymous_4)
FN:101,(anonymous_5)
FN:125,(anonymous_6)
FN:132,(anonymous_7)
FN:162,(anonymous_8)
FN:172,(anonymous_9)
FN:218,(anonymous_10)
FN:234,(anonymous_11)
FN:247,(anonymous_12)
FN:298,(anonymous_13)
FNF:14
FNH:0
FNDA:0,(anonymous_0)
FNDA:0,(anonymous_1)
FNDA:0,(anonymous_2)
FNDA:0,(anonymous_3)
FNDA:0,(anonymous_4)
FNDA:0,(anonymous_5)
FNDA:0,(anonymous_6)
FNDA:0,(anonymous_7)
FNDA:0,(anonymous_8)
FNDA:0,(anonymous_9)
FNDA:0,(anonymous_10)
FNDA:0,(anonymous_11)
FNDA:0,(anonymous_12)
FNDA:0,(anonymous_13)
DA:20,1
DA:21,1
DA:25,1
DA:26,1
DA:29,0
DA:43,0
DA:44,0
DA:45,0
DA:47,0
DA:48,0
DA:49,0
DA:53,0
DA:54,0
DA:57,0
DA:58,0
DA:59,0
DA:62,0
DA:63,0
DA:66,0
DA:69,0
DA:78,0
DA:84,0
DA:85,0
DA:87,0
DA:91,0
DA:101,0
DA:102,0
DA:103,0
DA:104,0
DA:105,0
DA:108,0
DA:109,0
DA:111,0
DA:112,0
DA:113,0
DA:114,0
DA:115,0
DA:116,0
DA:119,0
DA:130,0
DA:132,0
DA:133,0
DA:134,0
DA:135,0
DA:138,0
DA:139,0
DA:140,0
DA:141,0
DA:142,0
DA:143,0
DA:146,0
DA:147,0
DA:148,0
DA:151,0
DA:156,0
DA:170,0
DA:172,0
DA:173,0
DA:174,0
DA:177,0
DA:180,0
DA:183,0
DA:184,0
DA:185,0
DA:187,0
DA:190,0
DA:192,0
DA:209,0
DA:224,0
DA:225,0
DA:226,0
DA:228,0
DA:235,0
DA:237,0
DA:238,0
DA:240,0
DA:253,0
DA:254,0
DA:257,0
DA:258,0
DA:259,0
DA:262,0
DA:264,0
DA:265,0
DA:266,0
DA:267,0
DA:271,0
DA:272,0
DA:273,0
DA:278,0
DA:279,0
DA:283,0
DA:284,0
DA:285,0
DA:286,0
DA:287,0
DA:288,0
DA:289,0
DA:292,0
DA:303,0
DA:304,0
DA:307,0
DA:308,0
DA:309,0
DA:312,0
DA:313,0
DA:314,0
DA:315,0
DA:318,0
DA:325,0
DA:326,0
DA:340,0
DA:341,0
DA:342,0
DA:343,0
DA:344,0
DA:345,0
LF:117
LH:4
BRDA:40,0,0,0
BRDA:45,1,0,0
BRDA:45,1,1,0
BRDA:47,2,0,0
BRDA:47,2,1,0
BRDA:53,3,0,0
BRDA:53,3,1,0
BRDA:54,4,0,0
BRDA:54,4,1,0
BRDA:57,5,0,0
BRDA:57,5,1,0
BRDA:84,6,0,0
BRDA:84,6,1,0
BRDA:104,7,0,0
BRDA:104,7,1,0
BRDA:108,8,0,0
BRDA:108,8,1,0
BRDA:133,9,0,0
BRDA:133,9,1,0
BRDA:134,10,0,0
BRDA:134,10,1,0
BRDA:138,11,0,0
BRDA:138,11,1,0
BRDA:138,12,0,0
BRDA:138,12,1,0
BRDA:147,13,0,0
BRDA:147,13,1,0
BRDA:180,14,0,0
BRDA:180,14,1,0
BRDA:180,15,0,0
BRDA:180,15,1,0
BRDA:184,16,0,0
BRDA:184,16,1,0
BRDA:224,17,0,0
BRDA:224,17,1,0
BRDA:225,18,0,0
BRDA:225,18,1,0
BRDA:226,19,0,0
BRDA:226,19,1,0
BRDA:237,20,0,0
BRDA:237,20,1,0
BRDA:238,21,0,0
BRDA:238,21,1,0
BRDA:238,21,2,0
BRDA:238,21,3,0
BRDA:238,21,4,0
BRDA:238,21,5,0
BRDA:240,22,0,0
BRDA:240,22,1,0
BRDA:240,22,2,0
BRDA:240,22,3,0
BRDA:240,22,4,0
BRDA:253,23,0,0
BRDA:253,23,1,0
BRDA:257,24,0,0
BRDA:257,24,1,0
BRDA:259,25,0,0
BRDA:259,25,1,0
BRDA:262,26,0,0
BRDA:262,26,1,0
BRDA:262,26,2,0
BRDA:262,26,3,0
BRDA:262,26,4,0
BRDA:264,27,0,0
BRDA:264,27,1,0
BRDA:267,28,0,0
BRDA:267,28,1,0
BRDA:271,29,0,0
BRDA:271,29,1,0
BRDA:271,30,0,0
BRDA:271,30,1,0
BRDA:273,31,0,0
BRDA:273,31,1,0
BRDA:278,32,0,0
BRDA:278,32,1,0
BRDA:284,33,0,0
BRDA:284,33,1,0
BRDA:285,34,0,0
BRDA:285,34,1,0
BRDA:285,35,0,0
BRDA:285,35,1,0
BRDA:287,36,0,0
BRDA:287,36,1,0
BRDA:289,37,0,0
BRDA:289,37,1,0
BRDA:307,38,0,0
BRDA:307,38,1,0
BRDA:308,39,0,0
BRDA:308,39,1,0
BRDA:309,40,0,0
BRDA:309,40,1,0
BRDA:312,41,0,0
BRDA:312,41,1,0
BRDA:314,42,0,0
BRDA:314,42,1,0
BRDA:314,43,0,0
BRDA:314,43,1,0
BRDA:325,44,0,0
BRDA:325,44,1,0
BRF:99
BRH:0
end_of_record
TN:
SF:src\services\renderers\ChoroplethRenderer.ts
FN:23,(anonymous_0)
FN:30,(anonymous_1)
FN:39,(anonymous_2)
FN:40,(anonymous_3)
FN:68,(anonymous_4)
FN:93,(anonymous_5)
FN:97,(anonymous_6)
FN:123,(anonymous_7)
FN:130,(anonymous_8)
FN:160,(anonymous_9)
FN:168,(anonymous_10)
FN:199,(anonymous_11)
FN:212,(anonymous_12)
FN:263,(anonymous_13)
FN:269,(anonymous_14)
FNF:15
FNH:0
FNDA:0,(anonymous_0)
FNDA:0,(anonymous_1)
FNDA:0,(anonymous_2)
FNDA:0,(anonymous_3)
FNDA:0,(anonymous_4)
FNDA:0,(anonymous_5)
FNDA:0,(anonymous_6)
FNDA:0,(anonymous_7)
FNDA:0,(anonymous_8)
FNDA:0,(anonymous_9)
FNDA:0,(anonymous_10)
FNDA:0,(anonymous_11)
FNDA:0,(anonymous_12)
FNDA:0,(anonymous_13)
FNDA:0,(anonymous_14)
DA:17,1
DA:18,1
DA:24,0
DA:38,0
DA:39,0
DA:40,0
DA:42,0
DA:43,0
DA:44,0
DA:48,0
DA:49,0
DA:52,0
DA:53,0
DA:54,0
DA:57,0
DA:60,0
DA:66,0
DA:68,0
DA:74,0
DA:80,0
DA:81,0
DA:83,0
DA:87,0
DA:97,0
DA:98,0
DA:99,0
DA:100,0
DA:101,0
DA:104,0
DA:105,0
DA:107,0
DA:108,0
DA:110,0
DA:112,0
DA:113,0
DA:114,0
DA:117,0
DA:128,0
DA:130,0
DA:131,0
DA:132,0
DA:133,0
DA:136,0
DA:137,0
DA:138,0
DA:139,0
DA:140,0
DA:141,0
DA:144,0
DA:145,0
DA:146,0
DA:149,0
DA:154,0
DA:165,0
DA:166,0
DA:168,0
DA:169,0
DA:170,0
DA:173,0
DA:176,0
DA:177,0
DA:179,0
DA:180,0
DA:181,0
DA:182,0
DA:183,0
DA:185,0
DA:186,0
DA:187,0
DA:190,0
DA:193,0
DA:200,0
DA:202,0
DA:203,0
DA:205,0
DA:218,0
DA:219,0
DA:222,0
DA:223,0
DA:224,0
DA:227,0
DA:229,0
DA:230,0
DA:231,0
DA:232,0
DA:236,0
DA:237,0
DA:238,0
DA:243,0
DA:244,0
DA:248,0
DA:249,0
DA:250,0
DA:251,0
DA:252,0
DA:253,0
DA:254,0
DA:257,0
DA:264,0
DA:267,0
DA:270,0
DA:273,0
DA:276,0
DA:285,0
DA:286,0
DA:287,0
DA:288,0
DA:291,0
DA:298,0
DA:299,0
DA:310,0
DA:311,0
DA:312,0
DA:316,0
DA:317,0
DA:329,0
DA:330,0
DA:331,0
DA:332,0
LF:119
LH:2
BRDA:35,0,0,0
BRDA:40,1,0,0
BRDA:40,1,1,0
BRDA:42,2,0,0
BRDA:42,2,1,0
BRDA:48,3,0,0
BRDA:48,3,1,0
BRDA:49,4,0,0
BRDA:49,4,1,0
BRDA:52,5,0,0
BRDA:52,5,1,0
BRDA:70,6,0,0
BRDA:70,6,1,0
BRDA:75,7,0,0
BRDA:75,7,1,0
BRDA:80,8,0,0
BRDA:80,8,1,0
BRDA:100,9,0,0
BRDA:100,9,1,0
BRDA:104,10,0,0
BRDA:104,10,1,0
BRDA:131,11,0,0
BRDA:131,11,1,0
BRDA:132,12,0,0
BRDA:132,12,1,0
BRDA:136,13,0,0
BRDA:136,13,1,0
BRDA:136,14,0,0
BRDA:136,14,1,0
BRDA:145,15,0,0
BRDA:145,15,1,0
BRDA:179,16,0,0
BRDA:179,16,1,0
BRDA:179,17,0,0
BRDA:179,17,1,0
BRDA:202,18,0,0
BRDA:202,18,1,0
BRDA:203,19,0,0
BRDA:203,19,1,0
BRDA:203,19,2,0
BRDA:203,19,3,0
BRDA:203,19,4,0
BRDA:203,19,5,0
BRDA:205,20,0,0
BRDA:205,20,1,0
BRDA:205,20,2,0
BRDA:205,20,3,0
BRDA:205,20,4,0
BRDA:218,21,0,0
BRDA:218,21,1,0
BRDA:222,22,0,0
BRDA:222,22,1,0
BRDA:224,23,0,0
BRDA:224,23,1,0
BRDA:227,24,0,0
BRDA:227,24,1,0
BRDA:227,24,2,0
BRDA:227,24,3,0
BRDA:227,24,4,0
BRDA:229,25,0,0
BRDA:229,25,1,0
BRDA:232,26,0,0
BRDA:232,26,1,0
BRDA:236,27,0,0
BRDA:236,27,1,0
BRDA:236,28,0,0
BRDA:236,28,1,0
BRDA:238,29,0,0
BRDA:238,29,1,0
BRDA:243,30,0,0
BRDA:243,30,1,0
BRDA:249,31,0,0
BRDA:249,31,1,0
BRDA:250,32,0,0
BRDA:250,32,1,0
BRDA:250,33,0,0
BRDA:250,33,1,0
BRDA:252,34,0,0
BRDA:252,34,1,0
BRDA:254,35,0,0
BRDA:254,35,1,0
BRDA:273,36,0,0
BRDA:273,36,1,0
BRDA:273,37,0,0
BRDA:273,37,1,0
BRDA:273,37,2,0
BRDA:273,37,3,0
BRDA:285,38,0,0
BRDA:285,38,1,0
BRDA:287,39,0,0
BRDA:287,39,1,0
BRDA:287,40,0,0
BRDA:287,40,1,0
BRDA:298,41,0,0
BRDA:298,41,1,0
BRDA:316,42,0,0
BRDA:316,42,1,0
BRF:97
BRH:0
end_of_record
TN:
SF:src\services\renderers\PointRenderer.ts
FN:51,(anonymous_0)
FN:59,(anonymous_1)
FN:68,(anonymous_2)
FN:69,(anonymous_3)
FN:106,(anonymous_4)
FN:113,(anonymous_5)
FN:142,(anonymous_6)
FN:211,(anonymous_7)
FN:263,(anonymous_8)
FN:274,(anonymous_9)
FN:275,(anonymous_10)
FN:286,(anonymous_11)
FN:290,(anonymous_12)
FN:300,(anonymous_13)
FN:321,(anonymous_14)
FN:331,(anonymous_15)
FN:379,(anonymous_16)
FNF:17
FNH:0
FNDA:0,(anonymous_0)
FNDA:0,(anonymous_1)
FNDA:0,(anonymous_2)
FNDA:0,(anonymous_3)
FNDA:0,(anonymous_4)
FNDA:0,(anonymous_5)
FNDA:0,(anonymous_6)
FNDA:0,(anonymous_7)
FNDA:0,(anonymous_8)
FNDA:0,(anonymous_9)
FNDA:0,(anonymous_10)
FNDA:0,(anonymous_11)
FNDA:0,(anonymous_12)
FNDA:0,(anonymous_13)
FNDA:0,(anonymous_14)
FNDA:0,(anonymous_15)
FNDA:0,(anonymous_16)
DA:33,1
DA:34,1
DA:35,1
DA:52,0
DA:67,0
DA:68,0
DA:69,0
DA:71,0
DA:72,0
DA:73,0
DA:77,0
DA:78,0
DA:79,0
DA:81,0
DA:84,0
DA:87,0
DA:94,0
DA:99,0
DA:111,0
DA:113,0
DA:114,0
DA:115,0
DA:116,0
DA:118,0
DA:119,0
DA:120,0
DA:121,0
DA:122,0
DA:123,0
DA:125,0
DA:126,0
DA:127,0
DA:130,0
DA:135,0
DA:148,0
DA:149,0
DA:151,0
DA:152,0
DA:155,0
DA:156,0
DA:157,0
DA:160,0
DA:161,0
DA:162,0
DA:164,0
DA:167,0
DA:168,0
DA:171,0
DA:172,0
DA:176,0
DA:177,0
DA:180,0
DA:181,0
DA:182,0
DA:183,0
DA:186,0
DA:189,0
DA:197,0
DA:198,0
DA:201,0
DA:218,0
DA:219,0
DA:220,0
DA:221,0
DA:224,0
DA:226,0
DA:227,0
DA:230,0
DA:231,0
DA:234,0
DA:235,0
DA:252,0
DA:264,0
DA:265,0
DA:266,0
DA:267,0
DA:271,0
DA:272,0
DA:273,0
DA:274,0
DA:275,0
DA:280,0
DA:287,0
DA:288,0
DA:290,0
DA:291,0
DA:294,0
DA:301,0
DA:302,0
DA:304,0
DA:305,0
DA:306,0
DA:308,0
DA:311,0
DA:314,0
DA:322,0
DA:324,0
DA:325,0
DA:327,0
DA:337,0
DA:338,0
DA:340,0
DA:341,0
DA:342,0
DA:345,0
DA:347,0
DA:348,0
DA:349,0
DA:350,0
DA:353,0
DA:354,0
DA:355,0
DA:359,0
DA:360,0
DA:363,0
DA:364,0
DA:365,0
DA:366,0
DA:367,0
DA:368,0
DA:369,0
DA:372,0
DA:380,0
DA:381,0
DA:382,0
DA:385,0
DA:386,0
DA:387,0
DA:388,0
DA:391,0
DA:398,0
DA:399,0
DA:413,0
DA:414,0
DA:415,0
DA:416,0
DA:417,0
DA:418,0
LF:138
LH:3
BRDA:64,0,0,0
BRDA:69,1,0,0
BRDA:69,1,1,0
BRDA:71,2,0,0
BRDA:71,2,1,0
BRDA:77,3,0,0
BRDA:77,3,1,0
BRDA:78,4,0,0
BRDA:78,4,1,0
BRDA:79,5,0,0
BRDA:79,5,1,0
BRDA:114,6,0,0
BRDA:114,6,1,0
BRDA:115,7,0,0
BRDA:115,7,1,0
BRDA:118,8,0,0
BRDA:118,8,1,0
BRDA:118,9,0,0
BRDA:118,9,1,0
BRDA:126,10,0,0
BRDA:126,10,1,0
BRDA:152,11,0,0
BRDA:152,11,1,0
BRDA:156,12,0,0
BRDA:156,12,1,0
BRDA:156,13,0,0
BRDA:156,13,1,0
BRDA:164,14,0,0
BRDA:164,14,1,0
BRDA:164,15,0,0
BRDA:164,15,1,0
BRDA:171,16,0,0
BRDA:171,16,1,0
BRDA:181,17,0,0
BRDA:181,17,1,0
BRDA:181,18,0,0
BRDA:181,18,1,0
BRDA:186,19,0,0
BRDA:186,19,1,0
BRDA:226,20,0,0
BRDA:226,20,1,0
BRDA:234,21,0,0
BRDA:234,21,1,0
BRDA:264,22,0,0
BRDA:264,22,1,0
BRDA:266,23,0,0
BRDA:266,23,1,0
BRDA:266,24,0,0
BRDA:266,24,1,0
BRDA:271,25,0,0
BRDA:271,25,1,0
BRDA:274,26,0,0
BRDA:274,26,1,0
BRDA:288,27,0,0
BRDA:288,27,1,0
BRDA:291,28,0,0
BRDA:291,28,1,0
BRDA:308,29,0,0
BRDA:308,29,1,0
BRDA:311,30,0,0
BRDA:311,30,1,0
BRDA:324,31,0,0
BRDA:324,31,1,0
BRDA:325,32,0,0
BRDA:325,32,1,0
BRDA:325,32,2,0
BRDA:325,32,3,0
BRDA:325,32,4,0
BRDA:325,32,5,0
BRDA:327,33,0,0
BRDA:327,33,1,0
BRDA:327,33,2,0
BRDA:327,33,3,0
BRDA:327,33,4,0
BRDA:337,34,0,0
BRDA:337,34,1,0
BRDA:340,35,0,0
BRDA:340,35,1,0
BRDA:342,36,0,0
BRDA:342,36,1,0
BRDA:345,37,0,0
BRDA:345,37,1,0
BRDA:345,37,2,0
BRDA:345,37,3,0
BRDA:345,37,4,0
BRDA:347,38,0,0
BRDA:347,38,1,0
BRDA:350,39,0,0
BRDA:350,39,1,0
BRDA:353,40,0,0
BRDA:353,40,1,0
BRDA:353,41,0,0
BRDA:353,41,1,0
BRDA:355,42,0,0
BRDA:355,42,1,0
BRDA:359,43,0,0
BRDA:359,43,1,0
BRDA:364,44,0,0
BRDA:364,44,1,0
BRDA:365,45,0,0
BRDA:365,45,1,0
BRDA:365,46,0,0
BRDA:365,46,1,0
BRDA:367,47,0,0
BRDA:367,47,1,0
BRDA:369,48,0,0
BRDA:369,48,1,0
BRDA:385,49,0,0
BRDA:385,49,1,0
BRDA:387,50,0,0
BRDA:387,50,1,0
BRDA:387,51,0,0
BRDA:387,51,1,0
BRDA:398,52,0,0
BRDA:398,52,1,0
BRF:115
BRH:0
end_of_record
TN:
SF:src\utils\classification.ts
FN:14,extractBreaksFromCkmeans
FN:30,calculateBreaks
FN:35,(anonymous_2)
FNF:3
FNH:3
FNDA:8,extractBreaksFromCkmeans
FNDA:35,calculateBreaks
FNDA:193,(anonymous_2)
DA:15,8
DA:16,8
DA:17,8
DA:19,6
DA:20,6
DA:21,6
DA:22,24
DA:24,6
DA:35,193
DA:38,35
DA:39,1
DA:40,34
DA:41,1
DA:42,33
DA:43,1
DA:46,35
DA:47,16
DA:50,19
DA:51,11
DA:52,11
DA:53,39
DA:55,11
DA:56,11
DA:59,8
DA:60,6
DA:63,2
DA:64,2
DA:67,0
LF:28
LH:27
BRDA:17,0,0,2
BRDA:17,0,1,6
BRDA:38,1,0,1
BRDA:38,1,1,34
BRDA:40,2,0,1
BRDA:40,2,1,33
BRDA:42,3,0,1
BRDA:42,3,1,32
BRDA:46,4,0,16
BRDA:46,4,1,19
BRDA:50,5,0,11
BRDA:50,5,1,8
BRDA:59,6,0,6
BRDA:59,6,1,2
BRDA:63,7,0,2
BRDA:63,7,1,0
BRF:16
BRH:15
end_of_record
TN:
SF:src\utils\colorInterpolation.ts
FN:14,mapColorSpace
FN:23,interpolateColor
FN:36,generateColorScale
FN:51,generateDivergingScale
FN:66,bezierInterpolate
FN:76,generateBezierColorScale
FNF:6
FNH:0
FNDA:0,mapColorSpace
FNDA:0,interpolateColor
FNDA:0,generateColorScale
FNDA:0,generateDivergingScale
FNDA:0,bezierInterpolate
FNDA:0,generateBezierColorScale
DA:15,0
DA:16,0
DA:29,0
DA:30,0
DA:41,0
DA:42,0
DA:44,0
DA:45,0
DA:58,0
DA:59,0
DA:68,0
DA:69,0
DA:82,0
DA:83,0
DA:85,0
DA:86,0
DA:87,0
DA:90,0
LF:18
LH:0
BRDA:15,0,0,0
BRDA:15,0,1,0
BRDA:27,1,0,0
BRDA:39,2,0,0
BRDA:41,3,0,0
BRDA:41,3,1,0
BRDA:42,4,0,0
BRDA:42,4,1,0
BRDA:56,5,0,0
BRDA:66,6,0,0
BRDA:79,7,0,0
BRF:11
BRH:0
end_of_record
TN:
SF:src\utils\dataStats.ts
FN:14,calculateDataStats
FN:32,(anonymous_1)
FN:58,suggestClassificationMethod
FNF:3
FNH:0
FNDA:0,calculateDataStats
FNDA:0,(anonymous_1)
FNDA:0,suggestClassificationMethod
DA:25,0
DA:26,0
DA:32,0
DA:33,0
DA:34,0
DA:35,0
DA:36,0
DA:37,0
DA:38,0
DA:39,0
DA:42,0
DA:45,0
DA:46,0
DA:47,0
DA:48,0
DA:49,0
DA:50,0
DA:52,0
DA:64,0
DA:65,0
DA:68,0
DA:70,0
DA:71,0
DA:79,0
DA:80,0
DA:88,0
DA:89,0
DA:97,0
LF:28
LH:0
BRDA:25,0,0,0
BRDA:25,0,1,0
BRDA:25,1,0,0
BRDA:25,1,1,0
BRDA:39,2,0,0
BRDA:39,2,1,0
BRDA:42,3,0,0
BRDA:42,3,1,0
BRDA:50,4,0,0
BRDA:50,4,1,0
BRDA:64,5,0,0
BRDA:64,5,1,0
BRDA:64,6,0,0
BRDA:64,6,1,0
BRDA:70,7,0,0
BRDA:70,7,1,0
BRDA:75,8,0,0
BRDA:75,8,1,0
BRDA:79,9,0,0
BRDA:79,9,1,0
BRDA:79,10,0,0
BRDA:79,10,1,0
BRDA:84,11,0,0
BRDA:84,11,1,0
BRDA:88,12,0,0
BRDA:88,12,1,0
BRF:26
BRH:0
end_of_record
TN:
SF:src\utils\geometryTypeGuards.ts
FN:10,isPolygon
FN:14,isMultiPolygon
FN:18,isPolygonOrMultiPolygon
FN:24,isPoint
FN:28,isMultiPoint
FN:32,isLineString
FN:36,isMultiLineString
FNF:7
FNH:7
FNDA:5,isPolygon
FNDA:4,isMultiPolygon
FNDA:4,isPolygonOrMultiPolygon
FNDA:4,isPoint
FNDA:3,isMultiPoint
FNDA:3,isLineString
FNDA:3,isMultiLineString
DA:11,5
DA:15,4
DA:21,4
DA:25,4
DA:29,3
DA:33,3
DA:37,3
LF:7
LH:7
BRDA:21,0,0,4
BRDA:21,0,1,3
BRF:2
BRH:2
end_of_record
TN:
SF:src\utils\geometryUtils.ts
FN:14,calculateCentroid
FN:27,calculatePolygonCentroid
FN:58,calculateMultiPolygonCentroid
FN:82,calculateBounds
FN:88,(anonymous_4)
FN:121,getBoundsCenter
FNF:6
FNH:6
FNDA:12,calculateCentroid
FNDA:11,calculatePolygonCentroid
FNDA:5,calculateMultiPolygonCentroid
FNDA:10,calculateBounds
FNDA:70,(anonymous_4)
FNDA:6,getBoundsCenter
DA:15,12
DA:16,7
DA:20,5
DA:28,11
DA:30,11
DA:31,2
DA:35,9
DA:36,9
DA:37,9
DA:39,9
DA:40,45
DA:41,45
DA:42,45
DA:43,45
DA:47,9
DA:48,0
DA:51,9
DA:59,5
DA:60,1
DA:64,4
DA:65,4
DA:67,4
DA:68,7
DA:69,7
DA:70,4
DA:71,4
DA:75,4
DA:83,10
DA:84,10
DA:85,10
DA:86,10
DA:88,10
DA:89,70
DA:90,70
DA:91,70
DA:92,70
DA:93,70
DA:97,10
DA:98,7
DA:99,7
DA:100,8
DA:101,40
DA:104,3
DA:105,3
DA:106,3
DA:107,6
DA:108,6
DA:109,30
DA:115,10
DA:122,6
DA:123,6
LF:51
LH:50
BRDA:15,0,0,7
BRDA:15,0,1,5
BRDA:30,1,0,2
BRDA:30,1,1,9
BRDA:30,2,0,11
BRDA:30,2,1,11
BRDA:40,3,0,45
BRDA:40,3,1,0
BRDA:40,4,0,45
BRDA:40,4,1,45
BRDA:47,5,0,0
BRDA:47,5,1,9
BRDA:59,6,0,1
BRDA:59,6,1,4
BRDA:59,7,0,5
BRDA:59,7,1,5
BRDA:69,8,0,4
BRDA:69,8,1,3
BRDA:69,9,0,7
BRDA:69,9,1,7
BRDA:89,10,0,70
BRDA:89,10,1,0
BRDA:89,11,0,70
BRDA:89,11,1,70
BRDA:97,12,0,7
BRDA:97,12,1,3
BRDA:104,13,0,3
BRDA:104,13,1,0
BRF:28
BRH:24
end_of_record
TN:
SF:src\utils\interpolation.ts
FN:13,calculateBreaksFromInterpolation
FN:17,(anonymous_1)
FN:38,getClassCountFromInterpolation
FN:92,normalizeValue
FNF:4
FNH:4
FNDA:9,calculateBreaksFromInterpolation
FNDA:69,(anonymous_1)
FNDA:5,getClassCountFromInterpolation
FNDA:10,normalizeValue
DA:17,69
DA:19,9
DA:21,2
DA:23,3
DA:25,2
DA:27,1
DA:29,1
DA:31,0
DA:39,5
DA:41,1
DA:43,1
DA:45,1
DA:47,1
DA:49,1
DA:59,3
DA:99,10
DA:101,9
DA:102,6
DA:105,3
DA:106,3
DA:107,3
DA:109,3
DA:110,2
DA:112,1
DA:113,2
DA:114,1
DA:116,1
DA:117,1
DA:118,1
DA:119,1
DA:120,3
DA:121,3
DA:124,0
LF:33
LH:31
BRDA:19,0,0,2
BRDA:19,0,1,3
BRDA:19,0,2,2
BRDA:19,0,3,1
BRDA:19,0,4,1
BRDA:19,0,5,0
BRDA:39,1,0,1
BRDA:39,1,1,1
BRDA:39,1,2,1
BRDA:39,1,3,1
BRDA:39,1,4,1
BRDA:96,2,0,10
BRDA:99,3,0,1
BRDA:99,3,1,9
BRDA:101,4,0,6
BRDA:101,4,1,3
BRDA:105,5,0,3
BRDA:105,5,1,0
BRDA:105,6,0,3
BRDA:105,6,1,3
BRDA:105,6,2,3
BRDA:105,6,3,0
BRDA:107,7,0,0
BRDA:107,7,1,3
BRDA:109,8,0,1
BRDA:109,8,1,2
BRDA:110,9,0,1
BRDA:110,9,1,1
BRDA:113,10,0,1
BRDA:113,10,1,3
BRDA:114,11,0,0
BRDA:114,11,1,1
BRDA:119,12,0,1
BRDA:119,12,1,0
BRF:34
BRH:28
end_of_record
TN:
SF:src\utils\mapExpressions.ts
FN:14,buildStepExpression
FN:37,buildInterpolateExpression
FNF:2
FNH:2
FNDA:17,buildStepExpression
FNDA:17,buildInterpolateExpression
DA:22,17
DA:24,17
DA:25,41
DA:28,17
DA:41,17
DA:43,17
DA:44,50
DA:47,17
LF:8
LH:8
BRDA:25,0,0,41
BRDA:25,0,1,1
BRF:2
BRH:2
end_of_record
TN:
SF:src\utils\prng.ts
FN:21,hashString
FN:30,mulberry32
FN:32,(anonymous_2)
FNF:3
FNH:3
FNDA:15,hashString
FNDA:15,mulberry32
FNDA:1472,(anonymous_2)
DA:9,2
DA:10,2
DA:13,2
DA:14,2
DA:15,2
DA:16,2
DA:17,2
DA:18,2
DA:22,15
DA:23,15
DA:24,1098
DA:26,15
DA:31,15
DA:32,15
DA:33,1472
DA:34,1472
DA:35,1472
DA:36,1472
LF:18
LH:18
BRF:0
BRH:0
end_of_record
TN:
SF:src\utils\symbolShapes.ts
FN:11,generateCirclePath
FN:20,generateSquarePath
FN:32,generateTrianglePath
FN:48,generateStarPath
FN:67,generateDiamondPath
FN:79,generatePinPath
FN:94,generateSymbolPath
FN:121,calculateSymbolSize
FNF:8
FNH:8
FNDA:4,generateCirclePath
FNDA:3,generateSquarePath
FNDA:1,generateTrianglePath
FNDA:1,generateStarPath
FNDA:1,generateDiamondPath
FNDA:1,generatePinPath
FNDA:11,generateSymbolPath
FNDA:22,calculateSymbolSize
DA:12,4
DA:21,3
DA:22,3
DA:33,1
DA:34,1
DA:35,1
DA:36,1
DA:37,1
DA:39,1
DA:49,1
DA:50,1
DA:51,1
DA:53,1
DA:54,10
DA:55,10
DA:56,10
DA:57,10
DA:58,10
DA:61,1
DA:68,1
DA:69,1
DA:80,1
DA:81,1
DA:82,1
DA:85,1
DA:100,11
DA:102,3
DA:104,3
DA:106,1
DA:108,1
DA:110,1
DA:112,1
DA:114,1
DA:129,22
DA:133,21
DA:136,9
DA:137,9
DA:141,7
DA:142,7
DA:146,5
DA:147,5
DA:148,5
DA:149,5
DA:150,5
DA:154,0
DA:157,21
LF:46
LH:45
BRDA:55,0,0,5
BRDA:55,0,1,5
BRDA:58,1,0,1
BRDA:58,1,1,9
BRDA:100,2,0,3
BRDA:100,2,1,3
BRDA:100,2,2,1
BRDA:100,2,3,1
BRDA:100,2,4,1
BRDA:100,2,5,1
BRDA:100,2,6,1
BRDA:127,3,0,22
BRDA:129,4,0,1
BRDA:129,4,1,21
BRDA:133,5,0,21
BRDA:133,5,1,7
BRDA:133,5,2,5
BRDA:133,5,3,0
BRF:18
BRH:17
end_of_record
TN:
SF:src\utils\turkishNormalizer.ts
FN:123,normalizeTurkishText
FN:198,getProvinceAliases
FN:209,getPlateCodeByName
FN:254,getProvinceByPlateCode
FN:263,getAllPlateCodesWithNames
FN:264,(anonymous_5)
FN:272,levenshteinDistance
FN:280,(anonymous_7)
FN:302,getMaxDistance
FN:314,findClosestMatch
FNF:10
FNH:7
FNDA:51,normalizeTurkishText
FNDA:0,getProvinceAliases
FNDA:20,getPlateCodeByName
FNDA:92,getProvinceByPlateCode
FNDA:0,getAllPlateCodesWithNames
FNDA:0,(anonymous_5)
FNDA:35,levenshteinDistance
FNDA:218,(anonymous_7)
FNDA:8,getMaxDistance
FNDA:10,findClosestMatch
DA:9,2
DA:63,2
DA:88,2
DA:89,2
DA:90,162
DA:93,2
DA:94,2
DA:95,2
DA:96,2
DA:97,2
DA:98,2
DA:99,2
DA:100,2
DA:101,2
DA:107,2
DA:127,51
DA:129,50
DA:143,50
DA:144,50
DA:152,50
DA:161,50
DA:164,30
DA:165,2
DA:168,28
DA:169,1
DA:170,1
DA:171,1
DA:176,27
DA:177,157
DA:178,6
DA:180,6
DA:181,6
DA:182,6
DA:188,27
DA:189,5
DA:192,22
DA:199,0
DA:210,20
DA:212,19
DA:215,19
DA:216,3
DA:220,16
DA:222,20
DA:226,2
DA:255,92
DA:256,92
DA:264,0
DA:273,35
DA:274,35
DA:276,35
DA:277,33
DA:280,218
DA:281,32
DA:283,32
DA:284,162
DA:285,162
DA:286,994
DA:287,994
DA:293,162
DA:296,32
DA:303,8
DA:304,6
DA:305,2
DA:318,10
DA:320,8
DA:321,8
DA:322,8
DA:324,8
DA:326,22
DA:329,21
DA:330,1
DA:332,20
DA:333,1
DA:337,19
DA:338,19
DA:339,7
DA:340,7
DA:344,5
DA:345,4
DA:348,1
LF:80
LH:78
BRDA:125,0,0,51
BRDA:127,1,0,1
BRDA:127,1,1,50
BRDA:161,2,0,20
BRDA:161,2,1,30
BRDA:164,3,0,2
BRDA:164,3,1,28
BRDA:168,4,0,1
BRDA:168,4,1,27
BRDA:170,5,0,1
BRDA:170,5,1,0
BRDA:177,6,0,6
BRDA:177,6,1,151
BRDA:177,7,0,157
BRDA:177,7,1,6
BRDA:180,8,0,6
BRDA:180,8,1,0
BRDA:188,9,0,5
BRDA:188,9,1,22
BRDA:210,10,0,1
BRDA:210,10,1,19
BRDA:215,11,0,3
BRDA:215,11,1,16
BRDA:220,12,0,16
BRDA:220,12,1,13
BRDA:222,13,0,20
BRDA:222,13,1,2
BRDA:256,14,0,92
BRDA:256,14,1,3
BRDA:276,15,0,2
BRDA:276,15,1,33
BRDA:277,16,0,1
BRDA:277,16,1,32
BRDA:286,17,0,186
BRDA:286,17,1,808
BRDA:303,18,0,2
BRDA:303,18,1,6
BRDA:304,19,0,4
BRDA:304,19,1,2
BRDA:318,20,0,2
BRDA:318,20,1,8
BRDA:318,21,0,10
BRDA:318,21,1,9
BRDA:326,22,0,1
BRDA:326,22,1,21
BRDA:329,23,0,1
BRDA:329,23,1,20
BRDA:329,24,0,21
BRDA:329,24,1,19
BRDA:332,25,0,1
BRDA:332,25,1,19
BRDA:332,26,0,20
BRDA:332,26,1,17
BRDA:338,27,0,7
BRDA:338,27,1,12
BRDA:344,28,0,4
BRDA:344,28,1,1
BRF:57
BRH:55
end_of_record
TN:
SF:src\utils\columnMapper\columnDetector.ts
FN:59,detectColumns
FN:80,(anonymous_1)
FN:94,(anonymous_2)
FN:107,(anonymous_3)
FN:119,(anonymous_4)
FN:121,(anonymous_5)
FN:166,(anonymous_6)
FN:184,detectPlateCodeColumn
FN:228,detectLocationColumnByContent
FN:276,detectNumericColumns
FN:316,cleanNumericString
FNF:11
FNH:0
FNDA:0,detectColumns
FNDA:0,(anonymous_1)
FNDA:0,(anonymous_2)
FNDA:0,(anonymous_3)
FNDA:0,(anonymous_4)
FNDA:0,(anonymous_5)
FNDA:0,(anonymous_6)
FNDA:0,detectPlateCodeColumn
FNDA:0,detectLocationColumnByContent
FNDA:0,detectNumericColumns
FNDA:0,cleanNumericString
DA:10,1
DA:26,1
DA:36,1
DA:45,1
DA:50,1
DA:63,0
DA:64,0
DA:67,0
DA:77,0
DA:78,0
DA:79,0
DA:80,0
DA:82,0
DA:83,0
DA:84,0
DA:89,0
DA:90,0
DA:91,0
DA:93,0
DA:94,0
DA:96,0
DA:97,0
DA:98,0
DA:104,0
DA:105,0
DA:106,0
DA:107,0
DA:108,0
DA:109,0
DA:114,0
DA:115,0
DA:116,0
DA:117,0
DA:119,0
DA:121,0
DA:123,0
DA:124,0
DA:125,0
DA:133,0
DA:134,0
DA:135,0
DA:136,0
DA:142,0
DA:143,0
DA:144,0
DA:145,0
DA:150,0
DA:152,0
DA:153,0
DA:154,0
DA:155,0
DA:160,0
DA:161,0
DA:162,0
DA:163,0
DA:166,0
DA:167,0
DA:168,0
DA:171,0
DA:172,0
DA:173,0
DA:174,0
DA:175,0
DA:177,0
DA:189,0
DA:190,0
DA:192,0
DA:193,0
DA:195,0
DA:196,0
DA:198,0
DA:199,0
DA:201,0
DA:202,0
DA:203,0
DA:205,0
DA:206,0
DA:207,0
DA:208,0
DA:212,0
DA:213,0
DA:214,0
DA:215,0
DA:216,0
DA:221,0
DA:233,0
DA:234,0
DA:236,0
DA:237,0
DA:239,0
DA:240,0
DA:242,0
DA:243,0
DA:245,0
DA:246,0
DA:247,0
DA:249,0
DA:251,0
DA:253,0
DA:254,0
DA:255,0
DA:256,0
DA:260,0
DA:261,0
DA:262,0
DA:263,0
DA:264,0
DA:269,0
DA:277,0
DA:278,0
DA:281,0
DA:282,0
DA:284,0
DA:285,0
DA:286,0
DA:288,0
DA:289,0
DA:290,0
DA:291,0
DA:292,0
DA:293,0
DA:295,0
DA:296,0
DA:297,0
DA:303,0
DA:304,0
DA:308,0
DA:317,0
DA:320,0
DA:323,0
DA:324,0
DA:327,0
DA:330,0
DA:331,0
DA:336,0
DA:337,0
DA:338,0
DA:340,0
DA:343,0
DA:344,0
DA:346,0
LF:141
LH:5
BRDA:63,0,0,0
BRDA:63,0,1,0
BRDA:63,1,0,0
BRDA:63,1,1,0
BRDA:80,2,0,0
BRDA:80,2,1,0
BRDA:82,3,0,0
BRDA:82,3,1,0
BRDA:91,4,0,0
BRDA:91,4,1,0
BRDA:94,5,0,0
BRDA:94,5,1,0
BRDA:96,6,0,0
BRDA:96,6,1,0
BRDA:104,7,0,0
BRDA:104,7,1,0
BRDA:107,8,0,0
BRDA:107,8,1,0
BRDA:114,9,0,0
BRDA:114,9,1,0
BRDA:117,10,0,0
BRDA:117,10,1,0
BRDA:123,11,0,0
BRDA:123,11,1,0
BRDA:123,12,0,0
BRDA:123,12,1,0
BRDA:133,13,0,0
BRDA:133,13,1,0
BRDA:135,14,0,0
BRDA:135,14,1,0
BRDA:142,15,0,0
BRDA:142,15,1,0
BRDA:144,16,0,0
BRDA:144,16,1,0
BRDA:153,17,0,0
BRDA:153,17,1,0
BRDA:153,18,0,0
BRDA:153,18,1,0
BRDA:160,19,0,0
BRDA:160,19,1,0
BRDA:160,20,0,0
BRDA:160,20,1,0
BRDA:162,21,0,0
BRDA:162,21,1,0
BRDA:167,22,0,0
BRDA:167,22,1,0
BRDA:196,23,0,0
BRDA:196,23,1,0
BRDA:203,24,0,0
BRDA:203,24,1,0
BRDA:203,25,0,0
BRDA:203,25,1,0
BRDA:203,25,2,0
BRDA:206,26,0,0
BRDA:206,26,1,0
BRDA:207,27,0,0
BRDA:207,27,1,0
BRDA:207,28,0,0
BRDA:207,28,1,0
BRDA:207,28,2,0
BRDA:212,29,0,0
BRDA:212,29,1,0
BRDA:214,30,0,0
BRDA:214,30,1,0
BRDA:214,31,0,0
BRDA:214,31,1,0
BRDA:240,32,0,0
BRDA:240,32,1,0
BRDA:247,33,0,0
BRDA:247,33,1,0
BRDA:247,34,0,0
BRDA:247,34,1,0
BRDA:247,34,2,0
BRDA:251,35,0,0
BRDA:251,35,1,0
BRDA:255,36,0,0
BRDA:255,36,1,0
BRDA:260,37,0,0
BRDA:260,37,1,0
BRDA:262,38,0,0
BRDA:262,38,1,0
BRDA:262,39,0,0
BRDA:262,39,1,0
BRDA:277,40,0,0
BRDA:277,40,1,0
BRDA:277,41,0,0
BRDA:277,41,1,0
BRDA:290,42,0,0
BRDA:290,42,1,0
BRDA:290,43,0,0
BRDA:290,43,1,0
BRDA:290,43,2,0
BRDA:292,44,0,0
BRDA:292,44,1,0
BRDA:296,45,0,0
BRDA:296,45,1,0
BRDA:303,46,0,0
BRDA:303,46,1,0
BRDA:303,47,0,0
BRDA:303,47,1,0
BRDA:330,48,0,0
BRDA:330,48,1,0
BRDA:330,49,0,0
BRDA:330,49,1,0
BRDA:336,50,0,0
BRDA:336,50,1,0
BRDA:336,51,0,0
BRDA:336,51,1,0
BRDA:338,52,0,0
BRDA:338,52,1,0
BRDA:344,53,0,0
BRDA:344,53,1,0
BRDA:346,54,0,0
BRDA:346,54,1,0
BRF:114
BRH:0
end_of_record
TN:
SF:src\utils\columnMapper\csvParser.ts
FN:13,parseCSV
FN:37,(anonymous_1)
FN:48,(anonymous_2)
FN:64,detectDelimiter
FN:86,(anonymous_4)
FN:93,parseCSVLine
FN:139,parseSmartNumber
FNF:7
FNH:0
FNDA:0,parseCSV
FNDA:0,(anonymous_1)
FNDA:0,(anonymous_2)
FNDA:0,detectDelimiter
FNDA:0,(anonymous_4)
FNDA:0,parseCSVLine
FNDA:0,parseSmartNumber
DA:14,0
DA:16,0
DA:17,0
DA:21,0
DA:24,0
DA:25,0
DA:27,0
DA:28,0
DA:31,0
DA:33,0
DA:36,0
DA:37,0
DA:38,0
DA:41,0
DA:44,0
DA:47,0
DA:48,0
DA:49,0
DA:50,0
DA:51,0
DA:54,0
DA:57,0
DA:65,0
DA:72,0
DA:73,0
DA:74,0
DA:75,0
DA:76,0
DA:78,0
DA:79,0
DA:80,0
DA:86,0
DA:87,0
DA:94,0
DA:95,0
DA:96,0
DA:98,0
DA:99,0
DA:101,0
DA:103,0
DA:104,0
DA:105,0
DA:107,0
DA:109,0
DA:110,0
DA:111,0
DA:113,0
DA:118,0
DA:120,0
DA:140,0
DA:142,0
DA:145,0
DA:148,0
DA:149,0
DA:152,0
DA:155,0
DA:156,0
DA:160,0
DA:164,0
DA:165,0
DA:167,0
DA:169,0
DA:170,0
DA:172,0
DA:174,0
DA:177,0
DA:179,0
DA:181,0
DA:182,0
DA:185,0
DA:186,0
DA:187,0
DA:191,0
DA:194,0
DA:196,0
DA:197,0
DA:199,0
DA:202,0
DA:203,0
DA:205,0
LF:80
LH:0
BRDA:16,0,0,0
BRDA:16,0,1,0
BRDA:31,1,0,0
BRDA:31,1,1,0
BRDA:36,2,0,0
BRDA:36,2,1,0
BRDA:38,3,0,0
BRDA:38,3,1,0
BRDA:51,4,0,0
BRDA:51,4,1,0
BRDA:74,5,0,0
BRDA:74,5,1,0
BRDA:78,6,0,0
BRDA:78,6,1,0
BRDA:80,7,0,0
BRDA:80,7,1,0
BRDA:87,8,0,0
BRDA:87,8,1,0
BRDA:101,9,0,0
BRDA:101,9,1,0
BRDA:103,10,0,0
BRDA:103,10,1,0
BRDA:103,11,0,0
BRDA:103,11,1,0
BRDA:103,11,2,0
BRDA:109,12,0,0
BRDA:109,12,1,0
BRDA:109,13,0,0
BRDA:109,13,1,0
BRDA:140,14,0,0
BRDA:140,14,1,0
BRDA:140,15,0,0
BRDA:140,15,1,0
BRDA:148,16,0,0
BRDA:148,16,1,0
BRDA:155,17,0,0
BRDA:155,17,1,0
BRDA:155,18,0,0
BRDA:155,18,1,0
BRDA:160,19,0,0
BRDA:160,19,1,0
BRDA:160,20,0,0
BRDA:160,20,1,0
BRDA:164,21,0,0
BRDA:164,21,1,0
BRDA:165,22,0,0
BRDA:165,22,1,0
BRDA:167,23,0,0
BRDA:167,23,1,0
BRDA:167,24,0,0
BRDA:167,24,1,0
BRDA:172,25,0,0
BRDA:172,25,1,0
BRDA:179,26,0,0
BRDA:179,26,1,0
BRDA:179,27,0,0
BRDA:179,27,1,0
BRDA:182,28,0,0
BRDA:182,28,1,0
BRDA:182,29,0,0
BRDA:182,29,1,0
BRDA:187,30,0,0
BRDA:187,30,1,0
BRDA:187,31,0,0
BRDA:187,31,1,0
BRDA:187,31,2,0
BRDA:187,31,3,0
BRDA:187,31,4,0
BRDA:194,32,0,0
BRDA:194,32,1,0
BRDA:197,33,0,0
BRDA:197,33,1,0
BRDA:203,34,0,0
BRDA:203,34,1,0
BRDA:203,35,0,0
BRDA:203,35,1,0
BRDA:205,36,0,0
BRDA:205,36,1,0
BRF:78
BRH:0
end_of_record
TN:
SF:src\utils\columnMapper\dataMatcher.ts
FN:14,matchData
FN:33,(anonymous_1)
FN:83,extractPlateCode
FN:95,matchProvince
FN:149,matchDistrict
FN:176,(anonymous_5)
FN:202,(anonymous_6)
FN:230,matchMixed
FN:281,(anonymous_8)
FN:296,(anonymous_9)
FNF:10
FNH:0
FNDA:0,matchData
FNDA:0,(anonymous_1)
FNDA:0,extractPlateCode
FNDA:0,matchProvince
FNDA:0,matchDistrict
FNDA:0,(anonymous_5)
FNDA:0,(anonymous_6)
FNDA:0,matchMixed
FNDA:0,(anonymous_8)
FNDA:0,(anonymous_9)
DA:19,0
DA:20,0
DA:23,0
DA:30,0
DA:31,0
DA:33,0
DA:34,0
DA:35,0
DA:38,0
DA:41,0
DA:49,0
DA:50,0
DA:51,0
DA:52,0
DA:53,0
DA:57,0
DA:60,0
DA:61,0
DA:62,0
DA:65,0
DA:66,0
DA:69,0
DA:73,0
DA:77,0
DA:85,0
DA:86,0
DA:87,0
DA:89,0
DA:103,0
DA:104,0
DA:105,0
DA:106,0
DA:107,0
DA:111,0
DA:112,0
DA:113,0
DA:114,0
DA:115,0
DA:116,0
DA:117,0
DA:118,0
DA:122,0
DA:123,0
DA:124,0
DA:125,0
DA:126,0
DA:127,0
DA:128,0
DA:129,0
DA:130,0
DA:131,0
DA:136,0
DA:137,0
DA:138,0
DA:139,0
DA:141,0
DA:143,0
DA:157,0
DA:158,0
DA:159,0
DA:160,0
DA:161,0
DA:165,0
DA:166,0
DA:167,0
DA:168,0
DA:169,0
DA:170,0
DA:171,0
DA:172,0
DA:173,0
DA:175,0
DA:176,0
DA:182,0
DA:183,0
DA:185,0
DA:189,0
DA:190,0
DA:191,0
DA:192,0
DA:193,0
DA:194,0
DA:195,0
DA:196,0
DA:197,0
DA:198,0
DA:199,0
DA:201,0
DA:202,0
DA:208,0
DA:209,0
DA:211,0
DA:216,0
DA:217,0
DA:218,0
DA:219,0
DA:220,0
DA:222,0
DA:224,0
DA:240,0
DA:241,0
DA:242,0
DA:243,0
DA:244,0
DA:247,0
DA:250,0
DA:255,0
DA:256,0
DA:257,0
DA:258,0
DA:263,0
DA:264,0
DA:265,0
DA:266,0
DA:271,0
DA:274,0
DA:275,0
DA:278,0
DA:279,0
DA:281,0
DA:282,0
DA:285,0
DA:286,0
DA:287,0
DA:288,0
DA:289,0
DA:290,0
DA:291,0
DA:292,0
DA:295,0
DA:296,0
DA:302,0
DA:303,0
DA:306,0
DA:308,0
DA:309,0
DA:310,0
DA:311,0
DA:312,0
DA:314,0
DA:316,0
LF:141
LH:0
BRDA:19,0,0,0
BRDA:19,0,1,0
BRDA:19,1,0,0
BRDA:19,1,1,0
BRDA:30,2,0,0
BRDA:30,2,1,0
BRDA:31,3,0,0
BRDA:31,3,1,0
BRDA:35,4,0,0
BRDA:35,4,1,0
BRDA:49,5,0,0
BRDA:49,5,1,0
BRDA:49,6,0,0
BRDA:49,6,1,0
BRDA:50,7,0,0
BRDA:50,7,1,0
BRDA:60,8,0,0
BRDA:60,8,1,0
BRDA:62,9,0,0
BRDA:62,9,1,0
BRDA:66,10,0,0
BRDA:66,10,1,0
BRDA:85,11,0,0
BRDA:85,11,1,0
BRDA:86,12,0,0
BRDA:86,12,1,0
BRDA:86,13,0,0
BRDA:86,13,1,0
BRDA:103,14,0,0
BRDA:103,14,1,0
BRDA:112,15,0,0
BRDA:112,15,1,0
BRDA:123,16,0,0
BRDA:123,16,1,0
BRDA:123,17,0,0
BRDA:123,17,1,0
BRDA:125,18,0,0
BRDA:125,18,1,0
BRDA:137,19,0,0
BRDA:137,19,1,0
BRDA:138,20,0,0
BRDA:138,20,1,0
BRDA:157,21,0,0
BRDA:157,21,1,0
BRDA:166,22,0,0
BRDA:166,22,1,0
BRDA:166,23,0,0
BRDA:166,23,1,0
BRDA:167,24,0,0
BRDA:167,24,1,0
BRDA:190,25,0,0
BRDA:190,25,1,0
BRDA:190,26,0,0
BRDA:190,26,1,0
BRDA:192,27,0,0
BRDA:192,27,1,0
BRDA:192,28,0,0
BRDA:192,28,1,0
BRDA:193,29,0,0
BRDA:193,29,1,0
BRDA:217,30,0,0
BRDA:217,30,1,0
BRDA:219,31,0,0
BRDA:219,31,1,0
BRDA:240,32,0,0
BRDA:240,32,1,0
BRDA:240,33,0,0
BRDA:240,33,1,0
BRDA:241,34,0,0
BRDA:241,34,1,0
BRDA:241,35,0,0
BRDA:241,35,1,0
BRDA:247,36,0,0
BRDA:247,36,1,0
BRDA:250,37,0,0
BRDA:250,37,1,0
BRDA:255,38,0,0
BRDA:255,38,1,0
BRDA:255,39,0,0
BRDA:255,39,1,0
BRDA:257,40,0,0
BRDA:257,40,1,0
BRDA:257,41,0,0
BRDA:257,41,1,0
BRDA:263,42,0,0
BRDA:263,42,1,0
BRDA:263,43,0,0
BRDA:263,43,1,0
BRDA:265,44,0,0
BRDA:265,44,1,0
BRDA:265,45,0,0
BRDA:265,45,1,0
BRDA:275,46,0,0
BRDA:275,46,1,0
BRDA:279,47,0,0
BRDA:279,47,1,0
BRDA:279,48,0,0
BRDA:279,48,1,0
BRDA:282,49,0,0
BRDA:282,49,1,0
BRDA:282,49,2,0
BRDA:285,50,0,0
BRDA:285,50,1,0
BRDA:309,51,0,0
BRDA:309,51,1,0
BRDA:311,52,0,0
BRDA:311,52,1,0
BRF:107
BRH:0
end_of_record
